  [1m[36mActiveRecord::SchemaMigration Load (1.7ms)[0m  [1mSELECT "schema_migrations".* FROM "schema_migrations"[0m
Migrating to AddTripToComment (20160229182103)
  [1m[35m (0.7ms)[0m  BEGIN
  [1m[36m (1.4ms)[0m  [1mALTER TABLE "comments" ADD "trip_id" integer[0m
  [1m[35m (117.8ms)[0m  CREATE  INDEX  "index_comments_on_trip_id" ON "comments"  ("trip_id")
  [1m[36m (109.1ms)[0m  [1mALTER TABLE "comments" ADD CONSTRAINT "fk_rails_a37aa7d703"
FOREIGN KEY ("trip_id")
  REFERENCES "trips" ("id")
[0m
  [1m[35mSQL (0.6ms)[0m  INSERT INTO "schema_migrations" ("version") VALUES ($1)  [["version", "20160229182103"]]
  [1m[36m (12.1ms)[0m  [1mCOMMIT[0m
  [1m[35mActiveRecord::SchemaMigration Load (0.9ms)[0m  SELECT "schema_migrations".* FROM "schema_migrations"
  [1m[36m (5.5ms)[0m  [1mSELECT t2.oid::regclass::text AS to_table, a1.attname AS column, a2.attname AS primary_key, c.conname AS name, c.confupdtype AS on_update, c.confdeltype AS on_delete
FROM pg_constraint c
JOIN pg_class t1 ON c.conrelid = t1.oid
JOIN pg_class t2 ON c.confrelid = t2.oid
JOIN pg_attribute a1 ON a1.attnum = c.conkey[1] AND a1.attrelid = t1.oid
JOIN pg_attribute a2 ON a2.attnum = c.confkey[1] AND a2.attrelid = t2.oid
JOIN pg_namespace t3 ON c.connamespace = t3.oid
WHERE c.contype = 'f'
  AND t1.relname = 'cities'
  AND t3.nspname = ANY (current_schemas(false))
ORDER BY c.conname
[0m
  [1m[35m (5.0ms)[0m  SELECT t2.oid::regclass::text AS to_table, a1.attname AS column, a2.attname AS primary_key, c.conname AS name, c.confupdtype AS on_update, c.confdeltype AS on_delete
FROM pg_constraint c
JOIN pg_class t1 ON c.conrelid = t1.oid
JOIN pg_class t2 ON c.confrelid = t2.oid
JOIN pg_attribute a1 ON a1.attnum = c.conkey[1] AND a1.attrelid = t1.oid
JOIN pg_attribute a2 ON a2.attnum = c.confkey[1] AND a2.attrelid = t2.oid
JOIN pg_namespace t3 ON c.connamespace = t3.oid
WHERE c.contype = 'f'
  AND t1.relname = 'comments'
  AND t3.nspname = ANY (current_schemas(false))
ORDER BY c.conname

  [1m[36m (5.3ms)[0m  [1mSELECT t2.oid::regclass::text AS to_table, a1.attname AS column, a2.attname AS primary_key, c.conname AS name, c.confupdtype AS on_update, c.confdeltype AS on_delete
FROM pg_constraint c
JOIN pg_class t1 ON c.conrelid = t1.oid
JOIN pg_class t2 ON c.confrelid = t2.oid
JOIN pg_attribute a1 ON a1.attnum = c.conkey[1] AND a1.attrelid = t1.oid
JOIN pg_attribute a2 ON a2.attnum = c.confkey[1] AND a2.attrelid = t2.oid
JOIN pg_namespace t3 ON c.connamespace = t3.oid
WHERE c.contype = 'f'
  AND t1.relname = 'countries'
  AND t3.nspname = ANY (current_schemas(false))
ORDER BY c.conname
[0m
  [1m[35m (5.2ms)[0m  SELECT t2.oid::regclass::text AS to_table, a1.attname AS column, a2.attname AS primary_key, c.conname AS name, c.confupdtype AS on_update, c.confdeltype AS on_delete
FROM pg_constraint c
JOIN pg_class t1 ON c.conrelid = t1.oid
JOIN pg_class t2 ON c.confrelid = t2.oid
JOIN pg_attribute a1 ON a1.attnum = c.conkey[1] AND a1.attrelid = t1.oid
JOIN pg_attribute a2 ON a2.attnum = c.confkey[1] AND a2.attrelid = t2.oid
JOIN pg_namespace t3 ON c.connamespace = t3.oid
WHERE c.contype = 'f'
  AND t1.relname = 'country_expenses'
  AND t3.nspname = ANY (current_schemas(false))
ORDER BY c.conname

  [1m[36m (5.4ms)[0m  [1mSELECT t2.oid::regclass::text AS to_table, a1.attname AS column, a2.attname AS primary_key, c.conname AS name, c.confupdtype AS on_update, c.confdeltype AS on_delete
FROM pg_constraint c
JOIN pg_class t1 ON c.conrelid = t1.oid
JOIN pg_class t2 ON c.confrelid = t2.oid
JOIN pg_attribute a1 ON a1.attnum = c.conkey[1] AND a1.attrelid = t1.oid
JOIN pg_attribute a2 ON a2.attnum = c.confkey[1] AND a2.attrelid = t2.oid
JOIN pg_namespace t3 ON c.connamespace = t3.oid
WHERE c.contype = 'f'
  AND t1.relname = 'identities'
  AND t3.nspname = ANY (current_schemas(false))
ORDER BY c.conname
[0m
  [1m[35m (5.2ms)[0m  SELECT t2.oid::regclass::text AS to_table, a1.attname AS column, a2.attname AS primary_key, c.conname AS name, c.confupdtype AS on_update, c.confdeltype AS on_delete
FROM pg_constraint c
JOIN pg_class t1 ON c.conrelid = t1.oid
JOIN pg_class t2 ON c.confrelid = t2.oid
JOIN pg_attribute a1 ON a1.attnum = c.conkey[1] AND a1.attrelid = t1.oid
JOIN pg_attribute a2 ON a2.attnum = c.confkey[1] AND a2.attrelid = t2.oid
JOIN pg_namespace t3 ON c.connamespace = t3.oid
WHERE c.contype = 'f'
  AND t1.relname = 'itineraries'
  AND t3.nspname = ANY (current_schemas(false))
ORDER BY c.conname

  [1m[36m (5.3ms)[0m  [1mSELECT t2.oid::regclass::text AS to_table, a1.attname AS column, a2.attname AS primary_key, c.conname AS name, c.confupdtype AS on_update, c.confdeltype AS on_delete
FROM pg_constraint c
JOIN pg_class t1 ON c.conrelid = t1.oid
JOIN pg_class t2 ON c.confrelid = t2.oid
JOIN pg_attribute a1 ON a1.attnum = c.conkey[1] AND a1.attrelid = t1.oid
JOIN pg_attribute a2 ON a2.attnum = c.confkey[1] AND a2.attrelid = t2.oid
JOIN pg_namespace t3 ON c.connamespace = t3.oid
WHERE c.contype = 'f'
  AND t1.relname = 'routes'
  AND t3.nspname = ANY (current_schemas(false))
ORDER BY c.conname
[0m
  [1m[35m (5.3ms)[0m  SELECT t2.oid::regclass::text AS to_table, a1.attname AS column, a2.attname AS primary_key, c.conname AS name, c.confupdtype AS on_update, c.confdeltype AS on_delete
FROM pg_constraint c
JOIN pg_class t1 ON c.conrelid = t1.oid
JOIN pg_class t2 ON c.confrelid = t2.oid
JOIN pg_attribute a1 ON a1.attnum = c.conkey[1] AND a1.attrelid = t1.oid
JOIN pg_attribute a2 ON a2.attnum = c.confkey[1] AND a2.attrelid = t2.oid
JOIN pg_namespace t3 ON c.connamespace = t3.oid
WHERE c.contype = 'f'
  AND t1.relname = 'trip_memberships'
  AND t3.nspname = ANY (current_schemas(false))
ORDER BY c.conname

  [1m[36m (4.8ms)[0m  [1mSELECT t2.oid::regclass::text AS to_table, a1.attname AS column, a2.attname AS primary_key, c.conname AS name, c.confupdtype AS on_update, c.confdeltype AS on_delete
FROM pg_constraint c
JOIN pg_class t1 ON c.conrelid = t1.oid
JOIN pg_class t2 ON c.confrelid = t2.oid
JOIN pg_attribute a1 ON a1.attnum = c.conkey[1] AND a1.attrelid = t1.oid
JOIN pg_attribute a2 ON a2.attnum = c.confkey[1] AND a2.attrelid = t2.oid
JOIN pg_namespace t3 ON c.connamespace = t3.oid
WHERE c.contype = 'f'
  AND t1.relname = 'trip_routes'
  AND t3.nspname = ANY (current_schemas(false))
ORDER BY c.conname
[0m
  [1m[35m (3.6ms)[0m  SELECT t2.oid::regclass::text AS to_table, a1.attname AS column, a2.attname AS primary_key, c.conname AS name, c.confupdtype AS on_update, c.confdeltype AS on_delete
FROM pg_constraint c
JOIN pg_class t1 ON c.conrelid = t1.oid
JOIN pg_class t2 ON c.confrelid = t2.oid
JOIN pg_attribute a1 ON a1.attnum = c.conkey[1] AND a1.attrelid = t1.oid
JOIN pg_attribute a2 ON a2.attnum = c.confkey[1] AND a2.attrelid = t2.oid
JOIN pg_namespace t3 ON c.connamespace = t3.oid
WHERE c.contype = 'f'
  AND t1.relname = 'trips'
  AND t3.nspname = ANY (current_schemas(false))
ORDER BY c.conname

  [1m[36m (5.1ms)[0m  [1mSELECT t2.oid::regclass::text AS to_table, a1.attname AS column, a2.attname AS primary_key, c.conname AS name, c.confupdtype AS on_update, c.confdeltype AS on_delete
FROM pg_constraint c
JOIN pg_class t1 ON c.conrelid = t1.oid
JOIN pg_class t2 ON c.confrelid = t2.oid
JOIN pg_attribute a1 ON a1.attnum = c.conkey[1] AND a1.attrelid = t1.oid
JOIN pg_attribute a2 ON a2.attnum = c.confkey[1] AND a2.attrelid = t2.oid
JOIN pg_namespace t3 ON c.connamespace = t3.oid
WHERE c.contype = 'f'
  AND t1.relname = 'users'
  AND t3.nspname = ANY (current_schemas(false))
ORDER BY c.conname
[0m


Started GET "/trip/2" for 127.0.0.1 at 2016-02-29 21:38:31 -0500
  [1m[36mActiveRecord::SchemaMigration Load (1.3ms)[0m  [1mSELECT "schema_migrations".* FROM "schema_migrations"[0m
Processing by TripController#show as HTML
  Parameters: {"id"=>"2"}
  [1m[35mTrip Load (0.8ms)[0m  SELECT  "trips".* FROM "trips" WHERE "trips"."id" = $1 LIMIT 1  [["id", 2]]
  [1m[36mTripRoute Load (0.7ms)[0m  [1mSELECT  "trip_routes".* FROM "trip_routes" WHERE "trip_routes"."trip_id" = $1 LIMIT 1[0m  [["trip_id", 2]]
  [1m[35mComment Load (1.1ms)[0m  SELECT "comments".* FROM "comments" WHERE "comments"."trip_id" = 2
  Rendered shared/_comments.html.erb (46.8ms)
  Rendered trip/show.html.erb within layouts/application (60.9ms)
  [1m[36mUser Load (1.3ms)[0m  [1mSELECT  "users".* FROM "users" WHERE "users"."id" = $1  ORDER BY "users"."id" ASC LIMIT 1[0m  [["id", 10]]
  Rendered layouts/_navigation_links.html.erb (1.7ms)
  Rendered layouts/_nav_links_for_auth.html.erb (1.8ms)
  Rendered layouts/_navigation.html.erb (46.5ms)
  Rendered layouts/_messages.html.erb (1.8ms)
Completed 200 OK in 30780ms (Views: 839.8ms | ActiveRecord: 18.6ms)


Started GET "/trip/2" for 127.0.0.1 at 2016-02-29 21:39:02 -0500
Processing by TripController#show as HTML
  Parameters: {"id"=>"2"}
  [1m[35mTrip Load (0.7ms)[0m  SELECT  "trips".* FROM "trips" WHERE "trips"."id" = $1 LIMIT 1  [["id", 2]]
  [1m[36mTripRoute Load (0.5ms)[0m  [1mSELECT  "trip_routes".* FROM "trip_routes" WHERE "trip_routes"."trip_id" = $1 LIMIT 1[0m  [["trip_id", 2]]
  [1m[35mComment Load (1.3ms)[0m  SELECT "comments".* FROM "comments" WHERE "comments"."trip_id" = 2
  Rendered shared/_comments.html.erb (5.9ms)
  Rendered trip/show.html.erb within layouts/application (10.1ms)
  [1m[36mUser Load (0.5ms)[0m  [1mSELECT  "users".* FROM "users" WHERE "users"."id" = $1  ORDER BY "users"."id" ASC LIMIT 1[0m  [["id", 10]]
  Rendered layouts/_navigation_links.html.erb (0.4ms)
  Rendered layouts/_nav_links_for_auth.html.erb (0.3ms)
  Rendered layouts/_navigation.html.erb (5.9ms)
  Rendered layouts/_messages.html.erb (0.1ms)
Completed 200 OK in 1830ms (Views: 375.0ms | ActiveRecord: 3.1ms)


Started GET "/trip/2" for 127.0.0.1 at 2016-02-29 21:40:19 -0500
Processing by TripController#show as HTML
  Parameters: {"id"=>"2"}
  [1m[35mTrip Load (0.9ms)[0m  SELECT  "trips".* FROM "trips" WHERE "trips"."id" = $1 LIMIT 1  [["id", 2]]
  [1m[36mTripRoute Load (1.1ms)[0m  [1mSELECT  "trip_routes".* FROM "trip_routes" WHERE "trip_routes"."trip_id" = $1 LIMIT 1[0m  [["trip_id", 2]]
  [1m[35mComment Load (1.0ms)[0m  SELECT "comments".* FROM "comments" WHERE "comments"."trip_id" = 2
  Rendered shared/_comments.html.erb (17.4ms)
  Rendered trip/show.html.erb within layouts/application (19.6ms)
  [1m[36mUser Load (0.8ms)[0m  [1mSELECT  "users".* FROM "users" WHERE "users"."id" = $1  ORDER BY "users"."id" ASC LIMIT 1[0m  [["id", 10]]
  Rendered layouts/_navigation_links.html.erb (0.6ms)
  Rendered layouts/_nav_links_for_auth.html.erb (0.5ms)
  Rendered layouts/_navigation.html.erb (33.6ms)
  Rendered layouts/_messages.html.erb (0.3ms)
Completed 200 OK in 439ms (Views: 372.9ms | ActiveRecord: 24.1ms)


Started GET "/itineraries/Australia%252FNew%20Zealand" for 127.0.0.1 at 2016-02-29 21:40:29 -0500
Processing by ItinerariesController#show as HTML
  Parameters: {"id"=>"Australia%2FNew Zealand"}
  Rendered itineraries/show.html.erb within layouts/application (0.9ms)
  [1m[35mUser Load (1.0ms)[0m  SELECT  "users".* FROM "users" WHERE "users"."id" = $1  ORDER BY "users"."id" ASC LIMIT 1  [["id", 10]]
  Rendered layouts/_navigation_links.html.erb (0.3ms)
  Rendered layouts/_nav_links_for_auth.html.erb (0.3ms)
  Rendered layouts/_navigation.html.erb (5.8ms)
  Rendered layouts/_messages.html.erb (0.1ms)
Completed 200 OK in 303ms (Views: 294.6ms | ActiveRecord: 3.1ms)


Started GET "/itineraries/Australia%2FNew%20Zealand?_=1456800030374" for 127.0.0.1 at 2016-02-29 21:40:30 -0500
Processing by ItinerariesController#show as JSON
  Parameters: {"_"=>"1456800030374", "id"=>"Australia/New Zealand"}
  [1m[36mItinerary Load (61.6ms)[0m  [1mSELECT "itineraries".* FROM "itineraries" WHERE "itineraries"."area" = $1[0m  [["area", "Australia/New Zealand"]]
Completed 200 OK in 166ms (Views: 101.8ms | ActiveRecord: 62.8ms)


Started DELETE "/users/sign_out" for 127.0.0.1 at 2016-02-29 21:44:22 -0500
Processing by Devise::SessionsController#destroy as HTML
  Parameters: {"authenticity_token"=>"wYTgE84+Ovm+/cWphTjI9TnnJsC2bTo0NWT2VV0ISsu7JI8CJyRVV7MtIO71P47EDOOqxsefvmqnjPwS/jvtvg=="}
  [1m[35mUser Load (2.6ms)[0m  SELECT  "users".* FROM "users" WHERE "users"."id" = $1  ORDER BY "users"."id" ASC LIMIT 1  [["id", 10]]
  [1m[36m (0.4ms)[0m  [1mBEGIN[0m
  [1m[35m (0.5ms)[0m  COMMIT
Redirected to http://localhost:3000/
Completed 302 Found in 672ms (ActiveRecord: 7.9ms)


Started GET "/" for 127.0.0.1 at 2016-02-29 21:44:23 -0500
Processing by VisitorsController#index as HTML
  [1m[36m (0.9ms)[0m  [1mSELECT COUNT(*) FROM "users"[0m
  Rendered visitors/index.html.erb within layouts/application (6.2ms)
  Rendered layouts/_navigation_links.html.erb (0.7ms)
  Rendered layouts/_nav_links_for_auth.html.erb (0.5ms)
  Rendered layouts/_navigation.html.erb (8.8ms)
  Rendered layouts/_messages.html.erb (0.2ms)
Completed 200 OK in 418ms (Views: 416.7ms | ActiveRecord: 0.9ms)


Started GET "/users/sign_up" for 127.0.0.1 at 2016-02-29 21:44:33 -0500
Processing by RegistrationsController#new as HTML
  Rendered devise/registrations/new.html.erb within layouts/application (25.6ms)
  Rendered layouts/_navigation_links.html.erb (0.2ms)
  Rendered layouts/_nav_links_for_auth.html.erb (0.7ms)
  Rendered layouts/_navigation.html.erb (3.5ms)
  Rendered layouts/_messages.html.erb (0.2ms)
Completed 200 OK in 337ms (Views: 334.3ms | ActiveRecord: 0.0ms)


Started GET "/users/auth/facebook" for 127.0.0.1 at 2016-02-29 21:44:39 -0500


Started GET "/users/auth/facebook/callback?code=AQAQ2ccL0TK2IKdpqA_HNx82WYXzeCnQD7TBkksJcWWHijxwPbXXXtWEKPT3hoyoq7bSLDT3EQ2lIlNllZrYLY9KFKz7yKhICkarUYRosABzj_-kIxG_av2wMkCDcfBSnHSRq-ZqtJmI7NiL4_D70jTwBFQFSXotL6oOdTLNEDVOmrRAHjm1DHZ0dfTyXnipZve9mkGAml2td2rQDOupTLoEbPz5zucycIuGdnFZ6mLPam-QYGmGL3fBqtPS0WtFGbJeqNkThljm14Cxlm5fpJsX6hb1wMDyHDg-mGSmYIjO6YU8XSxTqvIpS5X4R4GkRT4&state=948f57518f37ae004bacba038d954ca53b67e1b601938ca2" for 127.0.0.1 at 2016-02-29 21:44:39 -0500

AbstractController::ActionNotFound - The action 'facebook' could not be found for Devise::OmniauthCallbacksController:
  actionpack (4.2.5) lib/abstract_controller/base.rb:132:in `process'
  actionview (4.2.5) lib/action_view/rendering.rb:30:in `process'
  actionpack (4.2.5) lib/action_controller/metal.rb:196:in `dispatch'
  actionpack (4.2.5) lib/action_controller/metal/rack_delegation.rb:13:in `dispatch'
  actionpack (4.2.5) lib/action_controller/metal.rb:237:in `block in action'
  actionpack (4.2.5) lib/action_dispatch/routing/route_set.rb:76:in `dispatch'
  actionpack (4.2.5) lib/action_dispatch/routing/route_set.rb:45:in `serve'
  actionpack (4.2.5) lib/action_dispatch/routing/mapper.rb:49:in `serve'
  actionpack (4.2.5) lib/action_dispatch/journey/router.rb:43:in `block in serve'
  actionpack (4.2.5) lib/action_dispatch/journey/router.rb:30:in `serve'
  actionpack (4.2.5) lib/action_dispatch/routing/route_set.rb:817:in `call'
  omniauth (1.3.1) lib/omniauth/strategy.rb:186:in `call!'
  omniauth (1.3.1) lib/omniauth/strategy.rb:164:in `call'
  omniauth (1.3.1) lib/omniauth/strategy.rb:408:in `call_app!'
  omniauth (1.3.1) lib/omniauth/strategy.rb:362:in `callback_phase'
  omniauth-oauth2 (1.4.0) lib/omniauth/strategies/oauth2.rb:75:in `callback_phase'
  omniauth-facebook (3.0.0) lib/omniauth/strategies/facebook.rb:71:in `block in callback_phase'
  omniauth-facebook (3.0.0) lib/omniauth/strategies/facebook.rb:135:in `with_authorization_code!'
  omniauth-facebook (3.0.0) lib/omniauth/strategies/facebook.rb:70:in `callback_phase'
  omniauth (1.3.1) lib/omniauth/strategy.rb:227:in `callback_call'
  omniauth (1.3.1) lib/omniauth/strategy.rb:184:in `call!'
  omniauth (1.3.1) lib/omniauth/strategy.rb:164:in `call'
  warden (1.2.3) lib/warden/manager.rb:35:in `block in call'
  warden (1.2.3) lib/warden/manager.rb:34:in `call'
  rack (1.6.4) lib/rack/etag.rb:24:in `call'
  rack (1.6.4) lib/rack/conditionalget.rb:25:in `call'
  rack (1.6.4) lib/rack/head.rb:13:in `call'
  actionpack (4.2.5) lib/action_dispatch/middleware/params_parser.rb:27:in `call'
  actionpack (4.2.5) lib/action_dispatch/middleware/flash.rb:260:in `call'
  rack (1.6.4) lib/rack/session/abstract/id.rb:225:in `context'
  rack (1.6.4) lib/rack/session/abstract/id.rb:220:in `call'
  actionpack (4.2.5) lib/action_dispatch/middleware/cookies.rb:560:in `call'
  activerecord (4.2.5) lib/active_record/query_cache.rb:36:in `call'
  activerecord (4.2.5) lib/active_record/connection_adapters/abstract/connection_pool.rb:653:in `call'
  activerecord (4.2.5) lib/active_record/migration.rb:377:in `call'
  actionpack (4.2.5) lib/action_dispatch/middleware/callbacks.rb:29:in `block in call'
  activesupport (4.2.5) lib/active_support/callbacks.rb:88:in `__run_callbacks__'
  activesupport (4.2.5) lib/active_support/callbacks.rb:778:in `_run_call_callbacks'
  activesupport (4.2.5) lib/active_support/callbacks.rb:81:in `run_callbacks'
  actionpack (4.2.5) lib/action_dispatch/middleware/callbacks.rb:27:in `call'
  actionpack (4.2.5) lib/action_dispatch/middleware/reloader.rb:73:in `call'
  actionpack (4.2.5) lib/action_dispatch/middleware/remote_ip.rb:78:in `call'
  better_errors (2.1.1) lib/better_errors/middleware.rb:84:in `protected_app_call'
  better_errors (2.1.1) lib/better_errors/middleware.rb:79:in `better_errors_call'
  better_errors (2.1.1) lib/better_errors/middleware.rb:57:in `call'
  actionpack (4.2.5) lib/action_dispatch/middleware/debug_exceptions.rb:17:in `call'
  web-console (2.2.1) lib/web_console/middleware.rb:39:in `call'
  actionpack (4.2.5) lib/action_dispatch/middleware/show_exceptions.rb:30:in `call'
  railties (4.2.5) lib/rails/rack/logger.rb:38:in `call_app'
  railties (4.2.5) lib/rails/rack/logger.rb:20:in `block in call'
  activesupport (4.2.5) lib/active_support/tagged_logging.rb:68:in `block in tagged'
  activesupport (4.2.5) lib/active_support/tagged_logging.rb:26:in `tagged'
  activesupport (4.2.5) lib/active_support/tagged_logging.rb:68:in `tagged'
  railties (4.2.5) lib/rails/rack/logger.rb:20:in `call'
  quiet_assets (1.1.0) lib/quiet_assets.rb:27:in `call_with_quiet_assets'
  actionpack (4.2.5) lib/action_dispatch/middleware/request_id.rb:21:in `call'
  rack (1.6.4) lib/rack/methodoverride.rb:22:in `call'
  rack (1.6.4) lib/rack/runtime.rb:18:in `call'
  activesupport (4.2.5) lib/active_support/cache/strategy/local_cache_middleware.rb:28:in `call'
  rack (1.6.4) lib/rack/lock.rb:17:in `call'
  actionpack (4.2.5) lib/action_dispatch/middleware/static.rb:116:in `call'
  rack (1.6.4) lib/rack/sendfile.rb:113:in `call'
  railties (4.2.5) lib/rails/engine.rb:518:in `call'
  railties (4.2.5) lib/rails/application.rb:165:in `call'
  rack (1.6.4) lib/rack/lock.rb:17:in `call'
  rack (1.6.4) lib/rack/content_length.rb:15:in `call'
  rack (1.6.4) lib/rack/handler/webrick.rb:88:in `service'
   () home/plaeski/.rvm/rubies/ruby-2.2.1/lib/ruby/2.2.0/webrick/httpserver.rb:138:in `service'
   () home/plaeski/.rvm/rubies/ruby-2.2.1/lib/ruby/2.2.0/webrick/httpserver.rb:94:in `run'
   () home/plaeski/.rvm/rubies/ruby-2.2.1/lib/ruby/2.2.0/webrick/server.rb:294:in `block in start_thread'



Started POST "/__better_errors/ba87c8e17449c77c/variables" for 127.0.0.1 at 2016-02-29 21:44:41 -0500


Started GET "/users/auth/facebook/callback?code=AQAQ2ccL0TK2IKdpqA_HNx82WYXzeCnQD7TBkksJcWWHijxwPbXXXtWEKPT3hoyoq7bSLDT3EQ2lIlNllZrYLY9KFKz7yKhICkarUYRosABzj_-kIxG_av2wMkCDcfBSnHSRq-ZqtJmI7NiL4_D70jTwBFQFSXotL6oOdTLNEDVOmrRAHjm1DHZ0dfTyXnipZve9mkGAml2td2rQDOupTLoEbPz5zucycIuGdnFZ6mLPam-QYGmGL3fBqtPS0WtFGbJeqNkThljm14Cxlm5fpJsX6hb1wMDyHDg-mGSmYIjO6YU8XSxTqvIpS5X4R4GkRT4&state=948f57518f37ae004bacba038d954ca53b67e1b601938ca2" for 127.0.0.1 at 2016-02-29 21:45:08 -0500
Processing by Devise::OmniauthCallbacksController#failure as HTML
  Parameters: {"code"=>"AQAQ2ccL0TK2IKdpqA_HNx82WYXzeCnQD7TBkksJcWWHijxwPbXXXtWEKPT3hoyoq7bSLDT3EQ2lIlNllZrYLY9KFKz7yKhICkarUYRosABzj_-kIxG_av2wMkCDcfBSnHSRq-ZqtJmI7NiL4_D70jTwBFQFSXotL6oOdTLNEDVOmrRAHjm1DHZ0dfTyXnipZve9mkGAml2td2rQDOupTLoEbPz5zucycIuGdnFZ6mLPam-QYGmGL3fBqtPS0WtFGbJeqNkThljm14Cxlm5fpJsX6hb1wMDyHDg-mGSmYIjO6YU8XSxTqvIpS5X4R4GkRT4", "state"=>"948f57518f37ae004bacba038d954ca53b67e1b601938ca2"}
Redirected to http://localhost:3000/users/sign_in
Completed 302 Found in 16ms (ActiveRecord: 0.0ms)


Started GET "/users/sign_in" for 127.0.0.1 at 2016-02-29 21:45:09 -0500
Processing by Devise::SessionsController#new as HTML
  Rendered devise/sessions/new.html.erb within layouts/application (621.4ms)
  Rendered layouts/_navigation_links.html.erb (0.4ms)
  Rendered layouts/_nav_links_for_auth.html.erb (0.6ms)
  Rendered layouts/_navigation.html.erb (3.8ms)
  Rendered layouts/_messages.html.erb (0.3ms)
Completed 200 OK in 1075ms (Views: 1049.2ms | ActiveRecord: 4.3ms)


Started GET "/users/auth/facebook" for 127.0.0.1 at 2016-02-29 21:45:16 -0500


Started GET "/users/auth/facebook/callback?code=AQApirmDeGr_lyxOICPVlavZg5ERgzaztgSBKNu4rwfPOtaQTQVkcOt6esNsqfExnpmOFIOiY4QSkMK21kKWgtp2KyNVGPCyeuotI7ZvjmKmqHFyJL0_JzaEXztN8nwhYKzUlM0hJWxYbDubaqbEXUV8wDquCLKY3GjwHmJv3BVKAc_C2JeV0V9Wt6DE1aExeWGX51LQjQgs0wK0BcDWoIrTNaDznDMxu_abFrPKUUUqhKoW00KAdyegw8n501hEZylCP1CI0jRatgjPBw_atB6HqLP56GsHxw-CNpAH1VfQYPiAnE9RdE8Qp-7lgcT-iHU&state=1263b41a126b16394cbc2461b6359c44138817475cbab943" for 127.0.0.1 at 2016-02-29 21:45:17 -0500

AbstractController::ActionNotFound - The action 'facebook' could not be found for Devise::OmniauthCallbacksController:
  actionpack (4.2.5) lib/abstract_controller/base.rb:132:in `process'
  actionview (4.2.5) lib/action_view/rendering.rb:30:in `process'
  actionpack (4.2.5) lib/action_controller/metal.rb:196:in `dispatch'
  actionpack (4.2.5) lib/action_controller/metal/rack_delegation.rb:13:in `dispatch'
  actionpack (4.2.5) lib/action_controller/metal.rb:237:in `block in action'
  actionpack (4.2.5) lib/action_dispatch/routing/route_set.rb:76:in `dispatch'
  actionpack (4.2.5) lib/action_dispatch/routing/route_set.rb:45:in `serve'
  actionpack (4.2.5) lib/action_dispatch/routing/mapper.rb:49:in `serve'
  actionpack (4.2.5) lib/action_dispatch/journey/router.rb:43:in `block in serve'
  actionpack (4.2.5) lib/action_dispatch/journey/router.rb:30:in `serve'
  actionpack (4.2.5) lib/action_dispatch/routing/route_set.rb:817:in `call'
  omniauth (1.3.1) lib/omniauth/strategy.rb:186:in `call!'
  omniauth (1.3.1) lib/omniauth/strategy.rb:164:in `call'
  omniauth (1.3.1) lib/omniauth/strategy.rb:408:in `call_app!'
  omniauth (1.3.1) lib/omniauth/strategy.rb:362:in `callback_phase'
  omniauth-oauth2 (1.4.0) lib/omniauth/strategies/oauth2.rb:75:in `callback_phase'
  omniauth-facebook (3.0.0) lib/omniauth/strategies/facebook.rb:71:in `block in callback_phase'
  omniauth-facebook (3.0.0) lib/omniauth/strategies/facebook.rb:135:in `with_authorization_code!'
  omniauth-facebook (3.0.0) lib/omniauth/strategies/facebook.rb:70:in `callback_phase'
  omniauth (1.3.1) lib/omniauth/strategy.rb:227:in `callback_call'
  omniauth (1.3.1) lib/omniauth/strategy.rb:184:in `call!'
  omniauth (1.3.1) lib/omniauth/strategy.rb:164:in `call'
  warden (1.2.3) lib/warden/manager.rb:35:in `block in call'
  warden (1.2.3) lib/warden/manager.rb:34:in `call'
  rack (1.6.4) lib/rack/etag.rb:24:in `call'
  rack (1.6.4) lib/rack/conditionalget.rb:25:in `call'
  rack (1.6.4) lib/rack/head.rb:13:in `call'
  actionpack (4.2.5) lib/action_dispatch/middleware/params_parser.rb:27:in `call'
  actionpack (4.2.5) lib/action_dispatch/middleware/flash.rb:260:in `call'
  rack (1.6.4) lib/rack/session/abstract/id.rb:225:in `context'
  rack (1.6.4) lib/rack/session/abstract/id.rb:220:in `call'
  actionpack (4.2.5) lib/action_dispatch/middleware/cookies.rb:560:in `call'
  activerecord (4.2.5) lib/active_record/query_cache.rb:36:in `call'
  activerecord (4.2.5) lib/active_record/connection_adapters/abstract/connection_pool.rb:653:in `call'
  activerecord (4.2.5) lib/active_record/migration.rb:377:in `call'
  actionpack (4.2.5) lib/action_dispatch/middleware/callbacks.rb:29:in `block in call'
  activesupport (4.2.5) lib/active_support/callbacks.rb:88:in `__run_callbacks__'
  activesupport (4.2.5) lib/active_support/callbacks.rb:778:in `_run_call_callbacks'
  activesupport (4.2.5) lib/active_support/callbacks.rb:81:in `run_callbacks'
  actionpack (4.2.5) lib/action_dispatch/middleware/callbacks.rb:27:in `call'
  actionpack (4.2.5) lib/action_dispatch/middleware/reloader.rb:73:in `call'
  actionpack (4.2.5) lib/action_dispatch/middleware/remote_ip.rb:78:in `call'
  better_errors (2.1.1) lib/better_errors/middleware.rb:84:in `protected_app_call'
  better_errors (2.1.1) lib/better_errors/middleware.rb:79:in `better_errors_call'
  better_errors (2.1.1) lib/better_errors/middleware.rb:57:in `call'
  actionpack (4.2.5) lib/action_dispatch/middleware/debug_exceptions.rb:17:in `call'
  web-console (2.2.1) lib/web_console/middleware.rb:39:in `call'
  actionpack (4.2.5) lib/action_dispatch/middleware/show_exceptions.rb:30:in `call'
  railties (4.2.5) lib/rails/rack/logger.rb:38:in `call_app'
  railties (4.2.5) lib/rails/rack/logger.rb:20:in `block in call'
  activesupport (4.2.5) lib/active_support/tagged_logging.rb:68:in `block in tagged'
  activesupport (4.2.5) lib/active_support/tagged_logging.rb:26:in `tagged'
  activesupport (4.2.5) lib/active_support/tagged_logging.rb:68:in `tagged'
  railties (4.2.5) lib/rails/rack/logger.rb:20:in `call'
  quiet_assets (1.1.0) lib/quiet_assets.rb:27:in `call_with_quiet_assets'
  actionpack (4.2.5) lib/action_dispatch/middleware/request_id.rb:21:in `call'
  rack (1.6.4) lib/rack/methodoverride.rb:22:in `call'
  rack (1.6.4) lib/rack/runtime.rb:18:in `call'
  activesupport (4.2.5) lib/active_support/cache/strategy/local_cache_middleware.rb:28:in `call'
  rack (1.6.4) lib/rack/lock.rb:17:in `call'
  actionpack (4.2.5) lib/action_dispatch/middleware/static.rb:116:in `call'
  rack (1.6.4) lib/rack/sendfile.rb:113:in `call'
  railties (4.2.5) lib/rails/engine.rb:518:in `call'
  railties (4.2.5) lib/rails/application.rb:165:in `call'
  rack (1.6.4) lib/rack/lock.rb:17:in `call'
  rack (1.6.4) lib/rack/content_length.rb:15:in `call'
  rack (1.6.4) lib/rack/handler/webrick.rb:88:in `service'
   () home/plaeski/.rvm/rubies/ruby-2.2.1/lib/ruby/2.2.0/webrick/httpserver.rb:138:in `service'
   () home/plaeski/.rvm/rubies/ruby-2.2.1/lib/ruby/2.2.0/webrick/httpserver.rb:94:in `run'
   () home/plaeski/.rvm/rubies/ruby-2.2.1/lib/ruby/2.2.0/webrick/server.rb:294:in `block in start_thread'



Started POST "/__better_errors/f9be2f62ffc37b50/variables" for 127.0.0.1 at 2016-02-29 21:45:17 -0500


Started GET "/users/auth/facebook" for 127.0.0.1 at 2016-02-29 21:48:29 -0500


Started GET "/users/auth/facebook/callback?code=AQDNI5S2eFh6ylnMKe30aBvN9jFPRjjr9PJxfDNcePRtzNFIyC7rphs0mVYO30ajuzU5Gflt9iMwN7JP8-NCSxR_LfNQlWI_hPvTA4pXOm3Nbho70J7R6ZeCZNeVOmb8duPnauARa5bx_la0_FpOsrGi3t_Hoaz0M6WU4976dlO35ps83rq1qZ2MrFXEXedqe7_fqt69kS5zfZ2B359UAhptzF5sJKVf2PFcn-1f16vnbXMB598c-rXAlSmahUfWHgwMG-NIxGj_j9mGI97ZNlD0ccS356x2HK40AXCGQ7Jbk6VPA4zh6YHrJHBtzYREQNM&state=819513638cae43a73f97b433cb0bbc6dfd69faee92a2b70e" for 127.0.0.1 at 2016-02-29 21:48:29 -0500

AbstractController::ActionNotFound - The action 'facebook' could not be found for Devise::OmniauthCallbacksController:
  actionpack (4.2.5) lib/abstract_controller/base.rb:132:in `process'
  actionview (4.2.5) lib/action_view/rendering.rb:30:in `process'
  actionpack (4.2.5) lib/action_controller/metal.rb:196:in `dispatch'
  actionpack (4.2.5) lib/action_controller/metal/rack_delegation.rb:13:in `dispatch'
  actionpack (4.2.5) lib/action_controller/metal.rb:237:in `block in action'
  actionpack (4.2.5) lib/action_dispatch/routing/route_set.rb:76:in `dispatch'
  actionpack (4.2.5) lib/action_dispatch/routing/route_set.rb:45:in `serve'
  actionpack (4.2.5) lib/action_dispatch/routing/mapper.rb:49:in `serve'
  actionpack (4.2.5) lib/action_dispatch/journey/router.rb:43:in `block in serve'
  actionpack (4.2.5) lib/action_dispatch/journey/router.rb:30:in `serve'
  actionpack (4.2.5) lib/action_dispatch/routing/route_set.rb:817:in `call'
  omniauth (1.3.1) lib/omniauth/strategy.rb:186:in `call!'
  omniauth (1.3.1) lib/omniauth/strategy.rb:164:in `call'
  omniauth (1.3.1) lib/omniauth/strategy.rb:408:in `call_app!'
  omniauth (1.3.1) lib/omniauth/strategy.rb:362:in `callback_phase'
  omniauth-oauth2 (1.4.0) lib/omniauth/strategies/oauth2.rb:75:in `callback_phase'
  omniauth-facebook (3.0.0) lib/omniauth/strategies/facebook.rb:71:in `block in callback_phase'
  omniauth-facebook (3.0.0) lib/omniauth/strategies/facebook.rb:135:in `with_authorization_code!'
  omniauth-facebook (3.0.0) lib/omniauth/strategies/facebook.rb:70:in `callback_phase'
  omniauth (1.3.1) lib/omniauth/strategy.rb:227:in `callback_call'
  omniauth (1.3.1) lib/omniauth/strategy.rb:184:in `call!'
  omniauth (1.3.1) lib/omniauth/strategy.rb:164:in `call'
  warden (1.2.3) lib/warden/manager.rb:35:in `block in call'
  warden (1.2.3) lib/warden/manager.rb:34:in `call'
  rack (1.6.4) lib/rack/etag.rb:24:in `call'
  rack (1.6.4) lib/rack/conditionalget.rb:25:in `call'
  rack (1.6.4) lib/rack/head.rb:13:in `call'
  actionpack (4.2.5) lib/action_dispatch/middleware/params_parser.rb:27:in `call'
  actionpack (4.2.5) lib/action_dispatch/middleware/flash.rb:260:in `call'
  rack (1.6.4) lib/rack/session/abstract/id.rb:225:in `context'
  rack (1.6.4) lib/rack/session/abstract/id.rb:220:in `call'
  actionpack (4.2.5) lib/action_dispatch/middleware/cookies.rb:560:in `call'
  activerecord (4.2.5) lib/active_record/query_cache.rb:36:in `call'
  activerecord (4.2.5) lib/active_record/connection_adapters/abstract/connection_pool.rb:653:in `call'
  activerecord (4.2.5) lib/active_record/migration.rb:377:in `call'
  actionpack (4.2.5) lib/action_dispatch/middleware/callbacks.rb:29:in `block in call'
  activesupport (4.2.5) lib/active_support/callbacks.rb:88:in `__run_callbacks__'
  activesupport (4.2.5) lib/active_support/callbacks.rb:778:in `_run_call_callbacks'
  activesupport (4.2.5) lib/active_support/callbacks.rb:81:in `run_callbacks'
  actionpack (4.2.5) lib/action_dispatch/middleware/callbacks.rb:27:in `call'
  actionpack (4.2.5) lib/action_dispatch/middleware/reloader.rb:73:in `call'
  actionpack (4.2.5) lib/action_dispatch/middleware/remote_ip.rb:78:in `call'
  better_errors (2.1.1) lib/better_errors/middleware.rb:84:in `protected_app_call'
  better_errors (2.1.1) lib/better_errors/middleware.rb:79:in `better_errors_call'
  better_errors (2.1.1) lib/better_errors/middleware.rb:57:in `call'
  actionpack (4.2.5) lib/action_dispatch/middleware/debug_exceptions.rb:17:in `call'
  web-console (2.2.1) lib/web_console/middleware.rb:39:in `call'
  actionpack (4.2.5) lib/action_dispatch/middleware/show_exceptions.rb:30:in `call'
  railties (4.2.5) lib/rails/rack/logger.rb:38:in `call_app'
  railties (4.2.5) lib/rails/rack/logger.rb:20:in `block in call'
  activesupport (4.2.5) lib/active_support/tagged_logging.rb:68:in `block in tagged'
  activesupport (4.2.5) lib/active_support/tagged_logging.rb:26:in `tagged'
  activesupport (4.2.5) lib/active_support/tagged_logging.rb:68:in `tagged'
  railties (4.2.5) lib/rails/rack/logger.rb:20:in `call'
  quiet_assets (1.1.0) lib/quiet_assets.rb:27:in `call_with_quiet_assets'
  actionpack (4.2.5) lib/action_dispatch/middleware/request_id.rb:21:in `call'
  rack (1.6.4) lib/rack/methodoverride.rb:22:in `call'
  rack (1.6.4) lib/rack/runtime.rb:18:in `call'
  activesupport (4.2.5) lib/active_support/cache/strategy/local_cache_middleware.rb:28:in `call'
  rack (1.6.4) lib/rack/lock.rb:17:in `call'
  actionpack (4.2.5) lib/action_dispatch/middleware/static.rb:116:in `call'
  rack (1.6.4) lib/rack/sendfile.rb:113:in `call'
  railties (4.2.5) lib/rails/engine.rb:518:in `call'
  railties (4.2.5) lib/rails/application.rb:165:in `call'
  rack (1.6.4) lib/rack/lock.rb:17:in `call'
  rack (1.6.4) lib/rack/content_length.rb:15:in `call'
  rack (1.6.4) lib/rack/handler/webrick.rb:88:in `service'
   () home/plaeski/.rvm/rubies/ruby-2.2.1/lib/ruby/2.2.0/webrick/httpserver.rb:138:in `service'
   () home/plaeski/.rvm/rubies/ruby-2.2.1/lib/ruby/2.2.0/webrick/httpserver.rb:94:in `run'
   () home/plaeski/.rvm/rubies/ruby-2.2.1/lib/ruby/2.2.0/webrick/server.rb:294:in `block in start_thread'



Started POST "/__better_errors/7221348f5534a8fd/variables" for 127.0.0.1 at 2016-02-29 21:48:30 -0500


Started GET "/users/auth/facebook/callback?code=AQDNI5S2eFh6ylnMKe30aBvN9jFPRjjr9PJxfDNcePRtzNFIyC7rphs0mVYO30ajuzU5Gflt9iMwN7JP8-NCSxR_LfNQlWI_hPvTA4pXOm3Nbho70J7R6ZeCZNeVOmb8duPnauARa5bx_la0_FpOsrGi3t_Hoaz0M6WU4976dlO35ps83rq1qZ2MrFXEXedqe7_fqt69kS5zfZ2B359UAhptzF5sJKVf2PFcn-1f16vnbXMB598c-rXAlSmahUfWHgwMG-NIxGj_j9mGI97ZNlD0ccS356x2HK40AXCGQ7Jbk6VPA4zh6YHrJHBtzYREQNM&state=819513638cae43a73f97b433cb0bbc6dfd69faee92a2b70e" for 127.0.0.1 at 2016-02-29 21:50:03 -0500
  [1m[36mActiveRecord::SchemaMigration Load (0.8ms)[0m  [1mSELECT "schema_migrations".* FROM "schema_migrations"[0m
Processing by Devise::OmniauthCallbacksController#failure as HTML
  Parameters: {"code"=>"AQDNI5S2eFh6ylnMKe30aBvN9jFPRjjr9PJxfDNcePRtzNFIyC7rphs0mVYO30ajuzU5Gflt9iMwN7JP8-NCSxR_LfNQlWI_hPvTA4pXOm3Nbho70J7R6ZeCZNeVOmb8duPnauARa5bx_la0_FpOsrGi3t_Hoaz0M6WU4976dlO35ps83rq1qZ2MrFXEXedqe7_fqt69kS5zfZ2B359UAhptzF5sJKVf2PFcn-1f16vnbXMB598c-rXAlSmahUfWHgwMG-NIxGj_j9mGI97ZNlD0ccS356x2HK40AXCGQ7Jbk6VPA4zh6YHrJHBtzYREQNM", "state"=>"819513638cae43a73f97b433cb0bbc6dfd69faee92a2b70e"}
Redirected to http://localhost:3000/users/sign_in
Completed 302 Found in 561ms (ActiveRecord: 0.0ms)


Started GET "/users/sign_in" for 127.0.0.1 at 2016-02-29 21:50:04 -0500
Processing by Devise::SessionsController#new as HTML
  Rendered devise/sessions/new.html.erb within layouts/application (62.0ms)
  Rendered layouts/_navigation_links.html.erb (1.8ms)
  Rendered layouts/_nav_links_for_auth.html.erb (1.6ms)
  Rendered layouts/_navigation.html.erb (7.4ms)
  Rendered layouts/_messages.html.erb (1.3ms)
Completed 200 OK in 906ms (Views: 871.6ms | ActiveRecord: 6.7ms)


Started GET "/users/auth/facebook" for 127.0.0.1 at 2016-02-29 21:50:33 -0500


Started GET "/users/auth/facebook/callback?code=AQBZRc6j3ALc1iLNiHxPcy2wFiAO7bnZYjaJS0Vbjp0acPAm0WpsC2iUL151qD56IrwUlWN8SBW8CBndogh-NS6zh2-qSFOR5u9Qttgg7eoynjiFvyjh8TJ1xDrXeUWmAKpvCXUs-R57UGc85Bw_l_ator4YW4Fnx-51smntR30DhhMZK4FoifvIUoAXDs_VmtaPtjdMT1CBcPECnC3yrcgKtiUHrs5JrZFR9qgnAY95xZ9UELmj1IdAaHdX_uuiouAAIQIqe-IglMq9ZX1IlttqNIpzTUhvjeTncpI72LwzzbR67DslNMFYpoGmELQaic0&state=ff8e3e2171b47c72e4d668e58c0da95fe37a702a1e2e69c4" for 127.0.0.1 at 2016-02-29 21:50:34 -0500

AbstractController::ActionNotFound - The action 'facebook' could not be found for Devise::OmniauthCallbacksController:
  actionpack (4.2.5) lib/abstract_controller/base.rb:132:in `process'
  actionview (4.2.5) lib/action_view/rendering.rb:30:in `process'
  actionpack (4.2.5) lib/action_controller/metal.rb:196:in `dispatch'
  actionpack (4.2.5) lib/action_controller/metal/rack_delegation.rb:13:in `dispatch'
  actionpack (4.2.5) lib/action_controller/metal.rb:237:in `block in action'
  actionpack (4.2.5) lib/action_dispatch/routing/route_set.rb:76:in `dispatch'
  actionpack (4.2.5) lib/action_dispatch/routing/route_set.rb:45:in `serve'
  actionpack (4.2.5) lib/action_dispatch/routing/mapper.rb:49:in `serve'
  actionpack (4.2.5) lib/action_dispatch/journey/router.rb:43:in `block in serve'
  actionpack (4.2.5) lib/action_dispatch/journey/router.rb:30:in `serve'
  actionpack (4.2.5) lib/action_dispatch/routing/route_set.rb:817:in `call'
  omniauth (1.3.1) lib/omniauth/strategy.rb:186:in `call!'
  omniauth (1.3.1) lib/omniauth/strategy.rb:164:in `call'
  omniauth (1.3.1) lib/omniauth/strategy.rb:408:in `call_app!'
  omniauth (1.3.1) lib/omniauth/strategy.rb:362:in `callback_phase'
  omniauth-oauth2 (1.4.0) lib/omniauth/strategies/oauth2.rb:75:in `callback_phase'
  omniauth-facebook (3.0.0) lib/omniauth/strategies/facebook.rb:71:in `block in callback_phase'
  omniauth-facebook (3.0.0) lib/omniauth/strategies/facebook.rb:135:in `with_authorization_code!'
  omniauth-facebook (3.0.0) lib/omniauth/strategies/facebook.rb:70:in `callback_phase'
  omniauth (1.3.1) lib/omniauth/strategy.rb:227:in `callback_call'
  omniauth (1.3.1) lib/omniauth/strategy.rb:184:in `call!'
  omniauth (1.3.1) lib/omniauth/strategy.rb:164:in `call'
  warden (1.2.3) lib/warden/manager.rb:35:in `block in call'
  warden (1.2.3) lib/warden/manager.rb:34:in `call'
  rack (1.6.4) lib/rack/etag.rb:24:in `call'
  rack (1.6.4) lib/rack/conditionalget.rb:25:in `call'
  rack (1.6.4) lib/rack/head.rb:13:in `call'
  actionpack (4.2.5) lib/action_dispatch/middleware/params_parser.rb:27:in `call'
  actionpack (4.2.5) lib/action_dispatch/middleware/flash.rb:260:in `call'
  rack (1.6.4) lib/rack/session/abstract/id.rb:225:in `context'
  rack (1.6.4) lib/rack/session/abstract/id.rb:220:in `call'
  actionpack (4.2.5) lib/action_dispatch/middleware/cookies.rb:560:in `call'
  activerecord (4.2.5) lib/active_record/query_cache.rb:36:in `call'
  activerecord (4.2.5) lib/active_record/connection_adapters/abstract/connection_pool.rb:653:in `call'
  activerecord (4.2.5) lib/active_record/migration.rb:377:in `call'
  actionpack (4.2.5) lib/action_dispatch/middleware/callbacks.rb:29:in `block in call'
  activesupport (4.2.5) lib/active_support/callbacks.rb:88:in `__run_callbacks__'
  activesupport (4.2.5) lib/active_support/callbacks.rb:778:in `_run_call_callbacks'
  activesupport (4.2.5) lib/active_support/callbacks.rb:81:in `run_callbacks'
  actionpack (4.2.5) lib/action_dispatch/middleware/callbacks.rb:27:in `call'
  actionpack (4.2.5) lib/action_dispatch/middleware/reloader.rb:73:in `call'
  actionpack (4.2.5) lib/action_dispatch/middleware/remote_ip.rb:78:in `call'
  better_errors (2.1.1) lib/better_errors/middleware.rb:84:in `protected_app_call'
  better_errors (2.1.1) lib/better_errors/middleware.rb:79:in `better_errors_call'
  better_errors (2.1.1) lib/better_errors/middleware.rb:57:in `call'
  actionpack (4.2.5) lib/action_dispatch/middleware/debug_exceptions.rb:17:in `call'
  web-console (2.2.1) lib/web_console/middleware.rb:39:in `call'
  actionpack (4.2.5) lib/action_dispatch/middleware/show_exceptions.rb:30:in `call'
  railties (4.2.5) lib/rails/rack/logger.rb:38:in `call_app'
  railties (4.2.5) lib/rails/rack/logger.rb:20:in `block in call'
  activesupport (4.2.5) lib/active_support/tagged_logging.rb:68:in `block in tagged'
  activesupport (4.2.5) lib/active_support/tagged_logging.rb:26:in `tagged'
  activesupport (4.2.5) lib/active_support/tagged_logging.rb:68:in `tagged'
  railties (4.2.5) lib/rails/rack/logger.rb:20:in `call'
  quiet_assets (1.1.0) lib/quiet_assets.rb:27:in `call_with_quiet_assets'
  actionpack (4.2.5) lib/action_dispatch/middleware/request_id.rb:21:in `call'
  rack (1.6.4) lib/rack/methodoverride.rb:22:in `call'
  rack (1.6.4) lib/rack/runtime.rb:18:in `call'
  activesupport (4.2.5) lib/active_support/cache/strategy/local_cache_middleware.rb:28:in `call'
  rack (1.6.4) lib/rack/lock.rb:17:in `call'
  actionpack (4.2.5) lib/action_dispatch/middleware/static.rb:116:in `call'
  rack (1.6.4) lib/rack/sendfile.rb:113:in `call'
  railties (4.2.5) lib/rails/engine.rb:518:in `call'
  railties (4.2.5) lib/rails/application.rb:165:in `call'
  rack (1.6.4) lib/rack/lock.rb:17:in `call'
  rack (1.6.4) lib/rack/content_length.rb:15:in `call'
  rack (1.6.4) lib/rack/handler/webrick.rb:88:in `service'
   () home/plaeski/.rvm/rubies/ruby-2.2.1/lib/ruby/2.2.0/webrick/httpserver.rb:138:in `service'
   () home/plaeski/.rvm/rubies/ruby-2.2.1/lib/ruby/2.2.0/webrick/httpserver.rb:94:in `run'
   () home/plaeski/.rvm/rubies/ruby-2.2.1/lib/ruby/2.2.0/webrick/server.rb:294:in `block in start_thread'



Started POST "/__better_errors/90b2b0e733b37456/variables" for 127.0.0.1 at 2016-02-29 21:50:37 -0500


Started GET "/users/sign_in" for 127.0.0.1 at 2016-02-29 21:54:44 -0500
Processing by Devise::SessionsController#new as HTML
  Rendered devise/sessions/new.html.erb within layouts/application (25.2ms)
  Rendered layouts/_navigation_links.html.erb (0.4ms)
  Rendered layouts/_nav_links_for_auth.html.erb (0.5ms)
  Rendered layouts/_navigation.html.erb (3.7ms)
  Rendered layouts/_messages.html.erb (0.2ms)
Completed 200 OK in 407ms (Views: 383.0ms | ActiveRecord: 4.4ms)


Started GET "/users/auth/facebook" for 127.0.0.1 at 2016-02-29 21:54:53 -0500


Started GET "/users/auth/facebook/callback?code=AQDzW6lpefo7_ubvkrv4WuFROTuND6fN2TqPU6CIARPBTpmUwDYfIIg7-ptoUJLF4HSyIRp_-1z5VjK2wyNsTTFmoqDUt2YeccfhfTw3kNK63ptZNP_kx0LnIu1nSNVKIT_ObiEJBlGWfxtC7TRpyp90farAI3C2XhlEanDx0JFqGI9J7aPzWPp_EkAtpNXIeZkWOfNVrtdcSoGN6m48HDPWJjsqEpPbz3JORbMufiO7Sch0m5kaPQuTaaOXM7ersfQbJmK6ZTfW52rfGdg54Z6QBGXMg6t6tGhcu6A7Gp1-WWok9YxDgE9bf50_Cs6uHyA&state=6991105f0e7338ddabe497c2bee4e795314ea1939d714118" for 127.0.0.1 at 2016-02-29 21:54:53 -0500

AbstractController::ActionNotFound - The action 'facebook' could not be found for Devise::OmniauthCallbacksController:
  actionpack (4.2.5) lib/abstract_controller/base.rb:132:in `process'
  actionview (4.2.5) lib/action_view/rendering.rb:30:in `process'
  actionpack (4.2.5) lib/action_controller/metal.rb:196:in `dispatch'
  actionpack (4.2.5) lib/action_controller/metal/rack_delegation.rb:13:in `dispatch'
  actionpack (4.2.5) lib/action_controller/metal.rb:237:in `block in action'
  actionpack (4.2.5) lib/action_dispatch/routing/route_set.rb:76:in `dispatch'
  actionpack (4.2.5) lib/action_dispatch/routing/route_set.rb:45:in `serve'
  actionpack (4.2.5) lib/action_dispatch/routing/mapper.rb:49:in `serve'
  actionpack (4.2.5) lib/action_dispatch/journey/router.rb:43:in `block in serve'
  actionpack (4.2.5) lib/action_dispatch/journey/router.rb:30:in `serve'
  actionpack (4.2.5) lib/action_dispatch/routing/route_set.rb:817:in `call'
  omniauth (1.3.1) lib/omniauth/strategy.rb:186:in `call!'
  omniauth (1.3.1) lib/omniauth/strategy.rb:164:in `call'
  omniauth (1.3.1) lib/omniauth/strategy.rb:408:in `call_app!'
  omniauth (1.3.1) lib/omniauth/strategy.rb:362:in `callback_phase'
  omniauth-oauth2 (1.4.0) lib/omniauth/strategies/oauth2.rb:75:in `callback_phase'
  omniauth-facebook (3.0.0) lib/omniauth/strategies/facebook.rb:71:in `block in callback_phase'
  omniauth-facebook (3.0.0) lib/omniauth/strategies/facebook.rb:135:in `with_authorization_code!'
  omniauth-facebook (3.0.0) lib/omniauth/strategies/facebook.rb:70:in `callback_phase'
  omniauth (1.3.1) lib/omniauth/strategy.rb:227:in `callback_call'
  omniauth (1.3.1) lib/omniauth/strategy.rb:184:in `call!'
  omniauth (1.3.1) lib/omniauth/strategy.rb:164:in `call'
  warden (1.2.3) lib/warden/manager.rb:35:in `block in call'
  warden (1.2.3) lib/warden/manager.rb:34:in `call'
  rack (1.6.4) lib/rack/etag.rb:24:in `call'
  rack (1.6.4) lib/rack/conditionalget.rb:25:in `call'
  rack (1.6.4) lib/rack/head.rb:13:in `call'
  actionpack (4.2.5) lib/action_dispatch/middleware/params_parser.rb:27:in `call'
  actionpack (4.2.5) lib/action_dispatch/middleware/flash.rb:260:in `call'
  rack (1.6.4) lib/rack/session/abstract/id.rb:225:in `context'
  rack (1.6.4) lib/rack/session/abstract/id.rb:220:in `call'
  actionpack (4.2.5) lib/action_dispatch/middleware/cookies.rb:560:in `call'
  activerecord (4.2.5) lib/active_record/query_cache.rb:36:in `call'
  activerecord (4.2.5) lib/active_record/connection_adapters/abstract/connection_pool.rb:653:in `call'
  activerecord (4.2.5) lib/active_record/migration.rb:377:in `call'
  actionpack (4.2.5) lib/action_dispatch/middleware/callbacks.rb:29:in `block in call'
  activesupport (4.2.5) lib/active_support/callbacks.rb:88:in `__run_callbacks__'
  activesupport (4.2.5) lib/active_support/callbacks.rb:778:in `_run_call_callbacks'
  activesupport (4.2.5) lib/active_support/callbacks.rb:81:in `run_callbacks'
  actionpack (4.2.5) lib/action_dispatch/middleware/callbacks.rb:27:in `call'
  actionpack (4.2.5) lib/action_dispatch/middleware/reloader.rb:73:in `call'
  actionpack (4.2.5) lib/action_dispatch/middleware/remote_ip.rb:78:in `call'
  better_errors (2.1.1) lib/better_errors/middleware.rb:84:in `protected_app_call'
  better_errors (2.1.1) lib/better_errors/middleware.rb:79:in `better_errors_call'
  better_errors (2.1.1) lib/better_errors/middleware.rb:57:in `call'
  actionpack (4.2.5) lib/action_dispatch/middleware/debug_exceptions.rb:17:in `call'
  web-console (2.2.1) lib/web_console/middleware.rb:39:in `call'
  actionpack (4.2.5) lib/action_dispatch/middleware/show_exceptions.rb:30:in `call'
  railties (4.2.5) lib/rails/rack/logger.rb:38:in `call_app'
  railties (4.2.5) lib/rails/rack/logger.rb:20:in `block in call'
  activesupport (4.2.5) lib/active_support/tagged_logging.rb:68:in `block in tagged'
  activesupport (4.2.5) lib/active_support/tagged_logging.rb:26:in `tagged'
  activesupport (4.2.5) lib/active_support/tagged_logging.rb:68:in `tagged'
  railties (4.2.5) lib/rails/rack/logger.rb:20:in `call'
  quiet_assets (1.1.0) lib/quiet_assets.rb:27:in `call_with_quiet_assets'
  actionpack (4.2.5) lib/action_dispatch/middleware/request_id.rb:21:in `call'
  rack (1.6.4) lib/rack/methodoverride.rb:22:in `call'
  rack (1.6.4) lib/rack/runtime.rb:18:in `call'
  activesupport (4.2.5) lib/active_support/cache/strategy/local_cache_middleware.rb:28:in `call'
  rack (1.6.4) lib/rack/lock.rb:17:in `call'
  actionpack (4.2.5) lib/action_dispatch/middleware/static.rb:116:in `call'
  rack (1.6.4) lib/rack/sendfile.rb:113:in `call'
  railties (4.2.5) lib/rails/engine.rb:518:in `call'
  railties (4.2.5) lib/rails/application.rb:165:in `call'
  rack (1.6.4) lib/rack/lock.rb:17:in `call'
  rack (1.6.4) lib/rack/content_length.rb:15:in `call'
  rack (1.6.4) lib/rack/handler/webrick.rb:88:in `service'
   () home/plaeski/.rvm/rubies/ruby-2.2.1/lib/ruby/2.2.0/webrick/httpserver.rb:138:in `service'
   () home/plaeski/.rvm/rubies/ruby-2.2.1/lib/ruby/2.2.0/webrick/httpserver.rb:94:in `run'
   () home/plaeski/.rvm/rubies/ruby-2.2.1/lib/ruby/2.2.0/webrick/server.rb:294:in `block in start_thread'



Started POST "/__better_errors/60252f7cd0a7837d/variables" for 127.0.0.1 at 2016-02-29 21:54:54 -0500


Started GET "/users/sign_in" for 127.0.0.1 at 2016-02-29 21:55:17 -0500
Processing by Devise::SessionsController#new as HTML
  Rendered devise/sessions/new.html.erb within layouts/application (27.9ms)
  Rendered layouts/_navigation_links.html.erb (0.3ms)
  Rendered layouts/_nav_links_for_auth.html.erb (0.6ms)
  Rendered layouts/_navigation.html.erb (3.8ms)
  Rendered layouts/_messages.html.erb (0.2ms)
Completed 200 OK in 417ms (Views: 414.4ms | ActiveRecord: 0.0ms)


Started GET "/users/auth/twitter" for 127.0.0.1 at 2016-02-29 21:55:24 -0500


Started GET "/users/auth/twitter/callback?oauth_token=SNxFxAAAAAAAkhIMAAABUzAaBNU&oauth_verifier=sK9C9IVIDh1DMXQCTzPBCdLRcpW40ZFP" for 127.0.0.1 at 2016-02-29 21:55:34 -0500

AbstractController::ActionNotFound - The action 'twitter' could not be found for Devise::OmniauthCallbacksController:
  actionpack (4.2.5) lib/abstract_controller/base.rb:132:in `process'
  actionview (4.2.5) lib/action_view/rendering.rb:30:in `process'
  actionpack (4.2.5) lib/action_controller/metal.rb:196:in `dispatch'
  actionpack (4.2.5) lib/action_controller/metal/rack_delegation.rb:13:in `dispatch'
  actionpack (4.2.5) lib/action_controller/metal.rb:237:in `block in action'
  actionpack (4.2.5) lib/action_dispatch/routing/route_set.rb:76:in `dispatch'
  actionpack (4.2.5) lib/action_dispatch/routing/route_set.rb:45:in `serve'
  actionpack (4.2.5) lib/action_dispatch/routing/mapper.rb:49:in `serve'
  actionpack (4.2.5) lib/action_dispatch/journey/router.rb:43:in `block in serve'
  actionpack (4.2.5) lib/action_dispatch/journey/router.rb:30:in `serve'
  actionpack (4.2.5) lib/action_dispatch/routing/route_set.rb:817:in `call'
  omniauth (1.3.1) lib/omniauth/strategy.rb:408:in `call_app!'
  omniauth (1.3.1) lib/omniauth/strategy.rb:362:in `callback_phase'
  omniauth-oauth (1.1.0) lib/omniauth/strategies/oauth.rb:57:in `callback_phase'
  omniauth (1.3.1) lib/omniauth/strategy.rb:227:in `callback_call'
  omniauth (1.3.1) lib/omniauth/strategy.rb:184:in `call!'
  omniauth (1.3.1) lib/omniauth/strategy.rb:164:in `call'
  omniauth (1.3.1) lib/omniauth/strategy.rb:186:in `call!'
  omniauth (1.3.1) lib/omniauth/strategy.rb:164:in `call'
  warden (1.2.3) lib/warden/manager.rb:35:in `block in call'
  warden (1.2.3) lib/warden/manager.rb:34:in `call'
  rack (1.6.4) lib/rack/etag.rb:24:in `call'
  rack (1.6.4) lib/rack/conditionalget.rb:25:in `call'
  rack (1.6.4) lib/rack/head.rb:13:in `call'
  actionpack (4.2.5) lib/action_dispatch/middleware/params_parser.rb:27:in `call'
  actionpack (4.2.5) lib/action_dispatch/middleware/flash.rb:260:in `call'
  rack (1.6.4) lib/rack/session/abstract/id.rb:225:in `context'
  rack (1.6.4) lib/rack/session/abstract/id.rb:220:in `call'
  actionpack (4.2.5) lib/action_dispatch/middleware/cookies.rb:560:in `call'
  activerecord (4.2.5) lib/active_record/query_cache.rb:36:in `call'
  activerecord (4.2.5) lib/active_record/connection_adapters/abstract/connection_pool.rb:653:in `call'
  activerecord (4.2.5) lib/active_record/migration.rb:377:in `call'
  actionpack (4.2.5) lib/action_dispatch/middleware/callbacks.rb:29:in `block in call'
  activesupport (4.2.5) lib/active_support/callbacks.rb:88:in `__run_callbacks__'
  activesupport (4.2.5) lib/active_support/callbacks.rb:778:in `_run_call_callbacks'
  activesupport (4.2.5) lib/active_support/callbacks.rb:81:in `run_callbacks'
  actionpack (4.2.5) lib/action_dispatch/middleware/callbacks.rb:27:in `call'
  actionpack (4.2.5) lib/action_dispatch/middleware/reloader.rb:73:in `call'
  actionpack (4.2.5) lib/action_dispatch/middleware/remote_ip.rb:78:in `call'
  better_errors (2.1.1) lib/better_errors/middleware.rb:84:in `protected_app_call'
  better_errors (2.1.1) lib/better_errors/middleware.rb:79:in `better_errors_call'
  better_errors (2.1.1) lib/better_errors/middleware.rb:57:in `call'
  actionpack (4.2.5) lib/action_dispatch/middleware/debug_exceptions.rb:17:in `call'
  web-console (2.2.1) lib/web_console/middleware.rb:39:in `call'
  actionpack (4.2.5) lib/action_dispatch/middleware/show_exceptions.rb:30:in `call'
  railties (4.2.5) lib/rails/rack/logger.rb:38:in `call_app'
  railties (4.2.5) lib/rails/rack/logger.rb:20:in `block in call'
  activesupport (4.2.5) lib/active_support/tagged_logging.rb:68:in `block in tagged'
  activesupport (4.2.5) lib/active_support/tagged_logging.rb:26:in `tagged'
  activesupport (4.2.5) lib/active_support/tagged_logging.rb:68:in `tagged'
  railties (4.2.5) lib/rails/rack/logger.rb:20:in `call'
  quiet_assets (1.1.0) lib/quiet_assets.rb:27:in `call_with_quiet_assets'
  actionpack (4.2.5) lib/action_dispatch/middleware/request_id.rb:21:in `call'
  rack (1.6.4) lib/rack/methodoverride.rb:22:in `call'
  rack (1.6.4) lib/rack/runtime.rb:18:in `call'
  activesupport (4.2.5) lib/active_support/cache/strategy/local_cache_middleware.rb:28:in `call'
  rack (1.6.4) lib/rack/lock.rb:17:in `call'
  actionpack (4.2.5) lib/action_dispatch/middleware/static.rb:116:in `call'
  rack (1.6.4) lib/rack/sendfile.rb:113:in `call'
  railties (4.2.5) lib/rails/engine.rb:518:in `call'
  railties (4.2.5) lib/rails/application.rb:165:in `call'
  rack (1.6.4) lib/rack/lock.rb:17:in `call'
  rack (1.6.4) lib/rack/content_length.rb:15:in `call'
  rack (1.6.4) lib/rack/handler/webrick.rb:88:in `service'
   () home/plaeski/.rvm/rubies/ruby-2.2.1/lib/ruby/2.2.0/webrick/httpserver.rb:138:in `service'
   () home/plaeski/.rvm/rubies/ruby-2.2.1/lib/ruby/2.2.0/webrick/httpserver.rb:94:in `run'
   () home/plaeski/.rvm/rubies/ruby-2.2.1/lib/ruby/2.2.0/webrick/server.rb:294:in `block in start_thread'



Started POST "/__better_errors/6947363cb6d4d1ad/variables" for 127.0.0.1 at 2016-02-29 21:55:35 -0500


Started POST "/__better_errors/6947363cb6d4d1ad/variables" for 127.0.0.1 at 2016-02-29 21:55:52 -0500


Started POST "/__better_errors/6947363cb6d4d1ad/variables" for 127.0.0.1 at 2016-02-29 21:55:55 -0500


Started POST "/__better_errors/6947363cb6d4d1ad/variables" for 127.0.0.1 at 2016-02-29 21:55:59 -0500


Started GET "/users/auth/twitter/callback?oauth_token=SNxFxAAAAAAAkhIMAAABUzAaBNU&oauth_verifier=sK9C9IVIDh1DMXQCTzPBCdLRcpW40ZFP" for 127.0.0.1 at 2016-02-29 21:57:12 -0500
Processing by Devise::OmniauthCallbacksController#failure as HTML
  Parameters: {"oauth_token"=>"SNxFxAAAAAAAkhIMAAABUzAaBNU", "oauth_verifier"=>"sK9C9IVIDh1DMXQCTzPBCdLRcpW40ZFP"}
Redirected to http://localhost:3000/users/sign_in
Completed 302 Found in 10ms (ActiveRecord: 0.0ms)


Started GET "/users/sign_in" for 127.0.0.1 at 2016-02-29 21:57:12 -0500
Processing by Devise::SessionsController#new as HTML
  Rendered devise/sessions/new.html.erb within layouts/application (34.3ms)
  Rendered layouts/_navigation_links.html.erb (0.5ms)
  Rendered layouts/_nav_links_for_auth.html.erb (0.5ms)
  Rendered layouts/_navigation.html.erb (9.4ms)
  Rendered layouts/_messages.html.erb (0.4ms)
Completed 200 OK in 466ms (Views: 443.5ms | ActiveRecord: 4.9ms)


Started GET "/users/auth/facebook" for 127.0.0.1 at 2016-02-29 21:57:33 -0500


Started GET "/users/auth/facebook/callback?code=AQC4FlPyTStzj69ENy72ijf_Xg2RJGKUqtJV9Pnaj0Z2TM1Ub-61xp-zzlP_TxK2U-UvGiKdyfq9voigtGTAatJ4unR8Rnl00uArxcJmCNSiiW_D8b_PXOiE4IWMmF0f2a-j0jGyjj_2Z98JBbvWFpM_7xNzCQUC0Yx4TR6r-qfvU7Pz-pC-JYGMTY0UrMdLacJM8kn_XgORxN_x4uFmsbBnsJ41mUOVfX9SUzot3qS6DP8pPUSIBLsorCSpG_u8OG7IDpbn7fI8FEMp6tKJl8aDqGz7jqJS3SeOTYdfDUXfNtCFkBY7ueP9IJZHSR_rCD4&state=9f5a70b7deda9a10d5168159a10dfb7ffe235dac7eba336c" for 127.0.0.1 at 2016-02-29 21:57:33 -0500

AbstractController::ActionNotFound - The action 'facebook' could not be found for Devise::OmniauthCallbacksController:
  actionpack (4.2.5) lib/abstract_controller/base.rb:132:in `process'
  actionview (4.2.5) lib/action_view/rendering.rb:30:in `process'
  actionpack (4.2.5) lib/action_controller/metal.rb:196:in `dispatch'
  actionpack (4.2.5) lib/action_controller/metal/rack_delegation.rb:13:in `dispatch'
  actionpack (4.2.5) lib/action_controller/metal.rb:237:in `block in action'
  actionpack (4.2.5) lib/action_dispatch/routing/route_set.rb:76:in `dispatch'
  actionpack (4.2.5) lib/action_dispatch/routing/route_set.rb:45:in `serve'
  actionpack (4.2.5) lib/action_dispatch/routing/mapper.rb:49:in `serve'
  actionpack (4.2.5) lib/action_dispatch/journey/router.rb:43:in `block in serve'
  actionpack (4.2.5) lib/action_dispatch/journey/router.rb:30:in `serve'
  actionpack (4.2.5) lib/action_dispatch/routing/route_set.rb:817:in `call'
  omniauth (1.3.1) lib/omniauth/strategy.rb:186:in `call!'
  omniauth (1.3.1) lib/omniauth/strategy.rb:164:in `call'
  omniauth (1.3.1) lib/omniauth/strategy.rb:408:in `call_app!'
  omniauth (1.3.1) lib/omniauth/strategy.rb:362:in `callback_phase'
  omniauth-oauth2 (1.4.0) lib/omniauth/strategies/oauth2.rb:75:in `callback_phase'
  omniauth-facebook (3.0.0) lib/omniauth/strategies/facebook.rb:71:in `block in callback_phase'
  omniauth-facebook (3.0.0) lib/omniauth/strategies/facebook.rb:135:in `with_authorization_code!'
  omniauth-facebook (3.0.0) lib/omniauth/strategies/facebook.rb:70:in `callback_phase'
  omniauth (1.3.1) lib/omniauth/strategy.rb:227:in `callback_call'
  omniauth (1.3.1) lib/omniauth/strategy.rb:184:in `call!'
  omniauth (1.3.1) lib/omniauth/strategy.rb:164:in `call'
  warden (1.2.3) lib/warden/manager.rb:35:in `block in call'
  warden (1.2.3) lib/warden/manager.rb:34:in `call'
  rack (1.6.4) lib/rack/etag.rb:24:in `call'
  rack (1.6.4) lib/rack/conditionalget.rb:25:in `call'
  rack (1.6.4) lib/rack/head.rb:13:in `call'
  actionpack (4.2.5) lib/action_dispatch/middleware/params_parser.rb:27:in `call'
  actionpack (4.2.5) lib/action_dispatch/middleware/flash.rb:260:in `call'
  rack (1.6.4) lib/rack/session/abstract/id.rb:225:in `context'
  rack (1.6.4) lib/rack/session/abstract/id.rb:220:in `call'
  actionpack (4.2.5) lib/action_dispatch/middleware/cookies.rb:560:in `call'
  activerecord (4.2.5) lib/active_record/query_cache.rb:36:in `call'
  activerecord (4.2.5) lib/active_record/connection_adapters/abstract/connection_pool.rb:653:in `call'
  activerecord (4.2.5) lib/active_record/migration.rb:377:in `call'
  actionpack (4.2.5) lib/action_dispatch/middleware/callbacks.rb:29:in `block in call'
  activesupport (4.2.5) lib/active_support/callbacks.rb:88:in `__run_callbacks__'
  activesupport (4.2.5) lib/active_support/callbacks.rb:778:in `_run_call_callbacks'
  activesupport (4.2.5) lib/active_support/callbacks.rb:81:in `run_callbacks'
  actionpack (4.2.5) lib/action_dispatch/middleware/callbacks.rb:27:in `call'
  actionpack (4.2.5) lib/action_dispatch/middleware/reloader.rb:73:in `call'
  actionpack (4.2.5) lib/action_dispatch/middleware/remote_ip.rb:78:in `call'
  better_errors (2.1.1) lib/better_errors/middleware.rb:84:in `protected_app_call'
  better_errors (2.1.1) lib/better_errors/middleware.rb:79:in `better_errors_call'
  better_errors (2.1.1) lib/better_errors/middleware.rb:57:in `call'
  actionpack (4.2.5) lib/action_dispatch/middleware/debug_exceptions.rb:17:in `call'
  web-console (2.2.1) lib/web_console/middleware.rb:39:in `call'
  actionpack (4.2.5) lib/action_dispatch/middleware/show_exceptions.rb:30:in `call'
  railties (4.2.5) lib/rails/rack/logger.rb:38:in `call_app'
  railties (4.2.5) lib/rails/rack/logger.rb:20:in `block in call'
  activesupport (4.2.5) lib/active_support/tagged_logging.rb:68:in `block in tagged'
  activesupport (4.2.5) lib/active_support/tagged_logging.rb:26:in `tagged'
  activesupport (4.2.5) lib/active_support/tagged_logging.rb:68:in `tagged'
  railties (4.2.5) lib/rails/rack/logger.rb:20:in `call'
  quiet_assets (1.1.0) lib/quiet_assets.rb:27:in `call_with_quiet_assets'
  actionpack (4.2.5) lib/action_dispatch/middleware/request_id.rb:21:in `call'
  rack (1.6.4) lib/rack/methodoverride.rb:22:in `call'
  rack (1.6.4) lib/rack/runtime.rb:18:in `call'
  activesupport (4.2.5) lib/active_support/cache/strategy/local_cache_middleware.rb:28:in `call'
  rack (1.6.4) lib/rack/lock.rb:17:in `call'
  actionpack (4.2.5) lib/action_dispatch/middleware/static.rb:116:in `call'
  rack (1.6.4) lib/rack/sendfile.rb:113:in `call'
  railties (4.2.5) lib/rails/engine.rb:518:in `call'
  railties (4.2.5) lib/rails/application.rb:165:in `call'
  rack (1.6.4) lib/rack/lock.rb:17:in `call'
  rack (1.6.4) lib/rack/content_length.rb:15:in `call'
  rack (1.6.4) lib/rack/handler/webrick.rb:88:in `service'
   () home/plaeski/.rvm/rubies/ruby-2.2.1/lib/ruby/2.2.0/webrick/httpserver.rb:138:in `service'
   () home/plaeski/.rvm/rubies/ruby-2.2.1/lib/ruby/2.2.0/webrick/httpserver.rb:94:in `run'
   () home/plaeski/.rvm/rubies/ruby-2.2.1/lib/ruby/2.2.0/webrick/server.rb:294:in `block in start_thread'



Started POST "/__better_errors/8f96b14d44072eaa/variables" for 127.0.0.1 at 2016-02-29 21:57:34 -0500


Started GET "/" for 127.0.0.1 at 2016-02-29 21:58:35 -0500
Processing by VisitorsController#index as HTML
  [1m[35m (1.0ms)[0m  SELECT COUNT(*) FROM "users"
  Rendered visitors/index.html.erb within layouts/application (8.0ms)
  Rendered layouts/_navigation_links.html.erb (0.5ms)
  Rendered layouts/_nav_links_for_auth.html.erb (0.6ms)
  Rendered layouts/_navigation.html.erb (4.4ms)
  Rendered layouts/_messages.html.erb (0.3ms)
Completed 200 OK in 383ms (Views: 379.5ms | ActiveRecord: 2.8ms)


Started GET "/users/sign_in" for 127.0.0.1 at 2016-02-29 21:59:09 -0500
Processing by Devise::SessionsController#new as HTML
  Rendered devise/sessions/new.html.erb within layouts/application (25.9ms)
  Rendered layouts/_navigation_links.html.erb (0.3ms)
  Rendered layouts/_nav_links_for_auth.html.erb (0.5ms)
  Rendered layouts/_navigation.html.erb (3.3ms)
  Rendered layouts/_messages.html.erb (0.1ms)
Completed 200 OK in 381ms (Views: 365.3ms | ActiveRecord: 3.4ms)


Started GET "/users/auth/facebook" for 127.0.0.1 at 2016-02-29 21:59:21 -0500


Started GET "/users/auth/facebook/callback?code=AQBBZrBrm_ysTt5zZNEy7ls2PbEWNNQ1ECzRxVLMXnmRIBLULL6Psr6xr1xwEp-cgrplgdY8DxfC1mHJJhB5lz1iZKEfQwevFMEMmISm2aiQOjq7hoxj2Z-hCBDVnZ9wB6JmR8ROV7EJ9iu7AXHuxBN4FHqtjY9bIQXZBwGgOdU5Tl1p93hGGuzwJQlQhnaLpltsKWkrIF8fS-x6_6gQCZws3rj2hBgo_g7Y4wGJ6ThdpXzQLOeot7b_yqIDiWFOYKr8NiWsYlCFg96uO-Eklp-eMvvJPbbmuTUbMP5s4O2JT_EMOgpsNzCnmeEcugblb6I&state=32838ed4716dcbdbf00bcf59a2064921c8feef54a078ffd6" for 127.0.0.1 at 2016-02-29 21:59:21 -0500

SyntaxError - syntax error, unexpected end-of-input, expecting keyword_end
   end
      ^:
   () home/plaeski/backpacker_app/app/controllers/users/omniauth_callbacks_controller.rb:31:in `'
  activesupport (4.2.5) lib/active_support/dependencies.rb:457:in `block in load_file'
  activesupport (4.2.5) lib/active_support/dependencies.rb:647:in `new_constants_in'
  activesupport (4.2.5) lib/active_support/dependencies.rb:456:in `load_file'
  activesupport (4.2.5) lib/active_support/dependencies.rb:354:in `require_or_load'
  activesupport (4.2.5) lib/active_support/dependencies.rb:494:in `load_missing_constant'
  activesupport (4.2.5) lib/active_support/dependencies.rb:184:in `const_missing'
  activesupport (4.2.5) lib/active_support/inflector/methods.rb:263:in `block in constantize'
  activesupport (4.2.5) lib/active_support/inflector/methods.rb:259:in `constantize'
  activesupport (4.2.5) lib/active_support/dependencies.rb:566:in `get'
  activesupport (4.2.5) lib/active_support/dependencies.rb:597:in `constantize'
  actionpack (4.2.5) lib/action_dispatch/routing/route_set.rb:72:in `controller_reference'
  actionpack (4.2.5) lib/action_dispatch/routing/route_set.rb:62:in `controller'
  actionpack (4.2.5) lib/action_dispatch/routing/route_set.rb:41:in `serve'
  actionpack (4.2.5) lib/action_dispatch/routing/mapper.rb:49:in `serve'
  actionpack (4.2.5) lib/action_dispatch/journey/router.rb:43:in `block in serve'
  actionpack (4.2.5) lib/action_dispatch/journey/router.rb:30:in `serve'
  actionpack (4.2.5) lib/action_dispatch/routing/route_set.rb:817:in `call'
  omniauth (1.3.1) lib/omniauth/strategy.rb:186:in `call!'
  omniauth (1.3.1) lib/omniauth/strategy.rb:164:in `call'
  omniauth (1.3.1) lib/omniauth/strategy.rb:408:in `call_app!'
  omniauth (1.3.1) lib/omniauth/strategy.rb:362:in `callback_phase'
  omniauth-oauth2 (1.4.0) lib/omniauth/strategies/oauth2.rb:75:in `callback_phase'
  omniauth-facebook (3.0.0) lib/omniauth/strategies/facebook.rb:71:in `block in callback_phase'
  omniauth-facebook (3.0.0) lib/omniauth/strategies/facebook.rb:135:in `with_authorization_code!'
  omniauth-facebook (3.0.0) lib/omniauth/strategies/facebook.rb:70:in `callback_phase'
  omniauth (1.3.1) lib/omniauth/strategy.rb:227:in `callback_call'
  omniauth (1.3.1) lib/omniauth/strategy.rb:184:in `call!'
  omniauth (1.3.1) lib/omniauth/strategy.rb:164:in `call'
  warden (1.2.3) lib/warden/manager.rb:35:in `block in call'
  warden (1.2.3) lib/warden/manager.rb:34:in `call'
  rack (1.6.4) lib/rack/etag.rb:24:in `call'
  rack (1.6.4) lib/rack/conditionalget.rb:25:in `call'
  rack (1.6.4) lib/rack/head.rb:13:in `call'
  actionpack (4.2.5) lib/action_dispatch/middleware/params_parser.rb:27:in `call'
  actionpack (4.2.5) lib/action_dispatch/middleware/flash.rb:260:in `call'
  rack (1.6.4) lib/rack/session/abstract/id.rb:225:in `context'
  rack (1.6.4) lib/rack/session/abstract/id.rb:220:in `call'
  actionpack (4.2.5) lib/action_dispatch/middleware/cookies.rb:560:in `call'
  activerecord (4.2.5) lib/active_record/query_cache.rb:36:in `call'
  activerecord (4.2.5) lib/active_record/connection_adapters/abstract/connection_pool.rb:653:in `call'
  activerecord (4.2.5) lib/active_record/migration.rb:377:in `call'
  actionpack (4.2.5) lib/action_dispatch/middleware/callbacks.rb:29:in `block in call'
  activesupport (4.2.5) lib/active_support/callbacks.rb:88:in `__run_callbacks__'
  activesupport (4.2.5) lib/active_support/callbacks.rb:778:in `_run_call_callbacks'
  activesupport (4.2.5) lib/active_support/callbacks.rb:81:in `run_callbacks'
  actionpack (4.2.5) lib/action_dispatch/middleware/callbacks.rb:27:in `call'
  actionpack (4.2.5) lib/action_dispatch/middleware/reloader.rb:73:in `call'
  actionpack (4.2.5) lib/action_dispatch/middleware/remote_ip.rb:78:in `call'
  better_errors (2.1.1) lib/better_errors/middleware.rb:84:in `protected_app_call'
  better_errors (2.1.1) lib/better_errors/middleware.rb:79:in `better_errors_call'
  better_errors (2.1.1) lib/better_errors/middleware.rb:57:in `call'
  actionpack (4.2.5) lib/action_dispatch/middleware/debug_exceptions.rb:17:in `call'
  web-console (2.2.1) lib/web_console/middleware.rb:39:in `call'
  actionpack (4.2.5) lib/action_dispatch/middleware/show_exceptions.rb:30:in `call'
  railties (4.2.5) lib/rails/rack/logger.rb:38:in `call_app'
  railties (4.2.5) lib/rails/rack/logger.rb:20:in `block in call'
  activesupport (4.2.5) lib/active_support/tagged_logging.rb:68:in `block in tagged'
  activesupport (4.2.5) lib/active_support/tagged_logging.rb:26:in `tagged'
  activesupport (4.2.5) lib/active_support/tagged_logging.rb:68:in `tagged'
  railties (4.2.5) lib/rails/rack/logger.rb:20:in `call'
  quiet_assets (1.1.0) lib/quiet_assets.rb:27:in `call_with_quiet_assets'
  actionpack (4.2.5) lib/action_dispatch/middleware/request_id.rb:21:in `call'
  rack (1.6.4) lib/rack/methodoverride.rb:22:in `call'
  rack (1.6.4) lib/rack/runtime.rb:18:in `call'
  activesupport (4.2.5) lib/active_support/cache/strategy/local_cache_middleware.rb:28:in `call'
  rack (1.6.4) lib/rack/lock.rb:17:in `call'
  actionpack (4.2.5) lib/action_dispatch/middleware/static.rb:116:in `call'
  rack (1.6.4) lib/rack/sendfile.rb:113:in `call'
  railties (4.2.5) lib/rails/engine.rb:518:in `call'
  railties (4.2.5) lib/rails/application.rb:165:in `call'
  rack (1.6.4) lib/rack/lock.rb:17:in `call'
  rack (1.6.4) lib/rack/content_length.rb:15:in `call'
  rack (1.6.4) lib/rack/handler/webrick.rb:88:in `service'
   () home/plaeski/.rvm/rubies/ruby-2.2.1/lib/ruby/2.2.0/webrick/httpserver.rb:138:in `service'
   () home/plaeski/.rvm/rubies/ruby-2.2.1/lib/ruby/2.2.0/webrick/httpserver.rb:94:in `run'
   () home/plaeski/.rvm/rubies/ruby-2.2.1/lib/ruby/2.2.0/webrick/server.rb:294:in `block in start_thread'



Started POST "/__better_errors/5a3b6cbf9f44734c/variables" for 127.0.0.1 at 2016-02-29 21:59:25 -0500


Started GET "/users/auth/facebook" for 127.0.0.1 at 2016-02-29 22:00:51 -0500


Started GET "/users/auth/facebook/callback?code=AQBBKqMdjg8EFyu7lYlsTlHfPZ2Z-vkOPvPaYL7p1K7g6LTwyiwxLQ_oMZWNuf7HeHU7HIEhJJNCT5czTm6vmkujB-iY_-fM8arIqhBfbcMB-pdpKcBH576zZZu5luojAOYJ6IU2Bh_EZ7ktblp8DozbszuwQ94R3j0KipF3dQYyIsilypY_gIOKuRQR_aAuCblGBndfvGFY-180Q_xGaK9c_NNzeBaHFXcBjRwZc_UniyL9tBHaNv3jGp2NuUmU5mzKaGOr256YZwHGsFfpps-Ab7a7HGmUt2_-083qFOl-ScORjoiallbVR0bgjTRqoJQ&state=421872a4916f3f798708350f1b04a23613e3e0bb1a068934" for 127.0.0.1 at 2016-02-29 22:00:52 -0500
Processing by Users::OmniauthCallbacksController#facebook as HTML
  Parameters: {"code"=>"AQBBKqMdjg8EFyu7lYlsTlHfPZ2Z-vkOPvPaYL7p1K7g6LTwyiwxLQ_oMZWNuf7HeHU7HIEhJJNCT5czTm6vmkujB-iY_-fM8arIqhBfbcMB-pdpKcBH576zZZu5luojAOYJ6IU2Bh_EZ7ktblp8DozbszuwQ94R3j0KipF3dQYyIsilypY_gIOKuRQR_aAuCblGBndfvGFY-180Q_xGaK9c_NNzeBaHFXcBjRwZc_UniyL9tBHaNv3jGp2NuUmU5mzKaGOr256YZwHGsFfpps-Ab7a7HGmUt2_-083qFOl-ScORjoiallbVR0bgjTRqoJQ", "state"=>"421872a4916f3f798708350f1b04a23613e3e0bb1a068934"}
  [1m[36mUser Load (1.4ms)[0m  [1mSELECT  "users".* FROM "users" WHERE "users"."provider" = $1 AND "users"."uid" = $2  ORDER BY "users"."id" ASC LIMIT 1[0m  [["provider", "facebook"], ["uid", "10156793222100508"]]
  [1m[35m (0.3ms)[0m  BEGIN
  [1m[36mSQL (0.8ms)[0m  [1mUPDATE "users" SET "current_sign_in_at" = $1, "sign_in_count" = $2, "updated_at" = $3 WHERE "users"."id" = $4[0m  [["current_sign_in_at", "2016-03-01 03:00:52.660046"], ["sign_in_count", 2], ["updated_at", "2016-03-01 03:00:52.662672"], ["id", 2]]
  [1m[35m (18.1ms)[0m  COMMIT
Redirected to http://localhost:3000/users/2
Completed 302 Found in 80ms (ActiveRecord: 26.5ms)


Started GET "/users/2" for 127.0.0.1 at 2016-02-29 22:00:52 -0500
Processing by UsersController#show as HTML
  Parameters: {"id"=>"2"}
  [1m[36mUser Load (1.0ms)[0m  [1mSELECT  "users".* FROM "users" WHERE "users"."id" = $1  ORDER BY "users"."id" ASC LIMIT 1[0m  [["id", 2]]
  [1m[35mUser Load (0.6ms)[0m  SELECT  "users".* FROM "users" WHERE "users"."id" = $1 LIMIT 1  [["id", 2]]
  [1m[36mTrip Load (1.5ms)[0m  [1mSELECT "trips".* FROM "trips" INNER JOIN "trip_memberships" ON "trips"."id" = "trip_memberships"."trip_id" WHERE "trip_memberships"."user_id" = $1[0m  [["user_id", 2]]
  Rendered users/show.html.erb within layouts/application (17.8ms)
  Rendered layouts/_navigation_links.html.erb (0.5ms)
  Rendered layouts/_nav_links_for_auth.html.erb (0.4ms)
  Rendered layouts/_navigation.html.erb (4.0ms)
  Rendered layouts/_messages.html.erb (0.2ms)
Completed 200 OK in 479ms (Views: 403.8ms | ActiveRecord: 7.2ms)


Started DELETE "/users/sign_out" for 127.0.0.1 at 2016-02-29 22:00:57 -0500
Processing by Devise::SessionsController#destroy as HTML
  Parameters: {"authenticity_token"=>"rNuJ0Fryz7rkBeMVeTRKB6S2AtbK9tpYvfW8v7URWQbwAyYFTmm8JNMlFaJfcW6aLqwN9nfBVZu4n6nUKNOPjw=="}
  [1m[35mUser Load (1.2ms)[0m  SELECT  "users".* FROM "users" WHERE "users"."id" = $1  ORDER BY "users"."id" ASC LIMIT 1  [["id", 2]]
  [1m[36m (0.5ms)[0m  [1mBEGIN[0m
  [1m[35m (2.4ms)[0m  COMMIT
Redirected to http://localhost:3000/
Completed 302 Found in 21ms (ActiveRecord: 4.0ms)


Started GET "/" for 127.0.0.1 at 2016-02-29 22:00:57 -0500
Processing by VisitorsController#index as HTML
  [1m[36m (1.1ms)[0m  [1mSELECT COUNT(*) FROM "users"[0m
  Rendered visitors/index.html.erb within layouts/application (3.6ms)
  Rendered layouts/_navigation_links.html.erb (0.6ms)
  Rendered layouts/_nav_links_for_auth.html.erb (0.7ms)
  Rendered layouts/_navigation.html.erb (5.2ms)
  Rendered layouts/_messages.html.erb (0.4ms)
Completed 200 OK in 464ms (Views: 462.4ms | ActiveRecord: 1.1ms)


Started GET "/users/sign_in" for 127.0.0.1 at 2016-02-29 22:01:05 -0500
Processing by Devise::SessionsController#new as HTML
  Rendered devise/sessions/new.html.erb within layouts/application (28.6ms)
  Rendered layouts/_navigation_links.html.erb (0.5ms)
  Rendered layouts/_nav_links_for_auth.html.erb (0.7ms)
  Rendered layouts/_navigation.html.erb (4.8ms)
  Rendered layouts/_messages.html.erb (0.3ms)
Completed 200 OK in 538ms (Views: 534.7ms | ActiveRecord: 0.0ms)


Started GET "/users/auth/twitter" for 127.0.0.1 at 2016-02-29 22:01:10 -0500


Started GET "/users/auth/twitter/callback?oauth_token=mVvy6gAAAAAAkhIMAAABUzAfTQQ&oauth_verifier=YkZoZZtFuE6uQ5VuZTQA5R64klL0Xrjb" for 127.0.0.1 at 2016-02-29 22:01:13 -0500
Processing by Users::OmniauthCallbacksController#twitter as HTML
  Parameters: {"oauth_token"=>"mVvy6gAAAAAAkhIMAAABUzAfTQQ", "oauth_verifier"=>"YkZoZZtFuE6uQ5VuZTQA5R64klL0Xrjb"}
  [1m[35mUser Load (0.8ms)[0m  SELECT  "users".* FROM "users" WHERE "users"."provider" = $1 AND "users"."uid" = $2  ORDER BY "users"."id" ASC LIMIT 1  [["provider", "twitter"], ["uid", "59100694"]]
  [1m[36m (0.4ms)[0m  [1mBEGIN[0m
  [1m[35mUser Exists (0.9ms)[0m  SELECT  1 AS one FROM "users" WHERE "users"."email" = 'plaeski@twitter.com' LIMIT 1
  [1m[36mSQL (0.8ms)[0m  [1mINSERT INTO "users" ("provider", "uid", "email", "name", "encrypted_password", "created_at", "updated_at") VALUES ($1, $2, $3, $4, $5, $6, $7) RETURNING "id"[0m  [["provider", "twitter"], ["uid", "59100694"], ["email", "plaeski@twitter.com"], ["name", "plaeski"], ["encrypted_password", "$2a$10$z/hecYIhmdJd.LXhQaa6OuiEj4bYK/GKYSroNBCShH1deYEne2njC"], ["created_at", "2016-03-01 03:01:14.689170"], ["updated_at", "2016-03-01 03:01:14.689170"]]
  [1m[35m (14.5ms)[0m  COMMIT
  [1m[36m (0.4ms)[0m  [1mBEGIN[0m
  [1m[35m (0.5ms)[0m  COMMIT
  [1m[36m (0.3ms)[0m  [1mBEGIN[0m
  [1m[35mSQL (2.8ms)[0m  UPDATE "users" SET "last_sign_in_at" = $1, "current_sign_in_at" = $2, "last_sign_in_ip" = $3, "current_sign_in_ip" = $4, "sign_in_count" = $5, "updated_at" = $6 WHERE "users"."id" = $7  [["last_sign_in_at", "2016-03-01 03:01:14.713722"], ["current_sign_in_at", "2016-03-01 03:01:14.713722"], ["last_sign_in_ip", "127.0.0.1"], ["current_sign_in_ip", "127.0.0.1"], ["sign_in_count", 1], ["updated_at", "2016-03-01 03:01:14.715530"], ["id", 11]]
  [1m[36m (8.6ms)[0m  [1mCOMMIT[0m
Redirected to http://localhost:3000/users/11
Completed 302 Found in 222ms (ActiveRecord: 30.0ms)


Started GET "/users/11" for 127.0.0.1 at 2016-02-29 22:01:14 -0500
Processing by UsersController#show as HTML
  Parameters: {"id"=>"11"}
  [1m[35mUser Load (1.1ms)[0m  SELECT  "users".* FROM "users" WHERE "users"."id" = $1  ORDER BY "users"."id" ASC LIMIT 1  [["id", 11]]
  [1m[36mUser Load (1.1ms)[0m  [1mSELECT  "users".* FROM "users" WHERE "users"."id" = $1 LIMIT 1[0m  [["id", 11]]
  [1m[35mTrip Load (0.8ms)[0m  SELECT "trips".* FROM "trips" INNER JOIN "trip_memberships" ON "trips"."id" = "trip_memberships"."trip_id" WHERE "trip_memberships"."user_id" = $1  [["user_id", 11]]
  Rendered users/show.html.erb within layouts/application (3.1ms)
  Rendered layouts/_navigation_links.html.erb (0.6ms)
  Rendered layouts/_nav_links_for_auth.html.erb (0.5ms)
  Rendered layouts/_navigation.html.erb (4.9ms)
  Rendered layouts/_messages.html.erb (0.3ms)
Completed 200 OK in 467ms (Views: 457.3ms | ActiveRecord: 2.9ms)
